<?xml version="1.0" encoding="UTF-8" ?>
<testsuite failures="0" time="0.15" errors="0" skipped="0" tests="3" name="test.java.com.INF2015.app.Data.ContractListTest">
  <properties>
[...]
</properties>
  <testcase time="0.011" classname="test.java.com.INF2015.app.Data.ContractListTest" name="testGetContractRatioByCareNumber"/>
  <testcase time="0" classname="test.java.com.INF2015.app.Data.ContractListTest" name="testGetContractMaxValueByCareNumber"/>
  <testcase time="0" classname="test.java.com.INF2015.app.Data.ContractListTest" name="testGetContractMaxValueByCareNumberExist"/>
</testsuite>